Arguments: 
  C:\logiciels\nodejs\node.exe C:\logiciels\yarn\bin\yarn.js link generator-jhipster

PATH: 
  C:\Users\AV05139S\Documents\GED\front angular\bin\cmder\bin;C:\Users\AV05139S\Documents\GED\front angular\bin\cmder\vendor\conemu-maximus5\ConEmu\Scripts;C:\Users\AV05139S\Documents\GED\front angular\bin\cmder\vendor\conemu-maximus5;C:\Users\AV05139S\Documents\GED\front angular\bin\cmder\vendor\conemu-maximus5\ConEmu;C:\ProgramData\Oracle\Java\javapath;C:\Program Files\CollabNet\Subversion Client;C:\windows\system32;C:\windows;C:\windows\System32\Wbem;C:\windows\System32\WindowsPowerShell\v1.0\;C:\Program Files (x86)\QuickTime Alternative\QTSystem;C:\Program Files\Java\jdk1.8.0_121\bin;C:\logiciels\phantomjs197;C:\logiciels\casperjs\bin;C:\Program Files\TortoiseSVN\bin;C:\Program Files\Microsoft SQL Server\110\Tools\Binn\;C:\Program Files\TortoiseGit\bin;C:\Program Files\HDF_Group\HDF5\1.8.19\bin\;C:\Users\AV05139S\AppData\Local\Continuum\anaconda3\;C:\Program Files\netCDF 4.3.3\bin;C:\logiciels\nodejs\;C:\logiciels\yarn\bin\;C:\logiciels\apache-maven-3.2.1\bin;C:\Ruby193\bin;C:\Users\AV05139S\AppData\Local\Programs\Git\cmd;C:\Users\AV05139S\AppData\Local\Programs\Fiddler;C:\Users\AV05139S\AppData\Roaming\npm;C:\Users\AV05139S\AppData\Local\Yarn\bin;C:\Users\AV05139S\AppData\Local\Programs\Git\usr\bin;C:\Users\AV05139S\AppData\Local\Programs\Git\usr\share\vim\vim74;C:\Users\AV05139S\Documents\GED\front angular\bin\cmder\

Yarn version: 
  1.5.1

Node version: 
  8.10.0

Platform: 
  win32 x64

npm manifest: 
  {
    "name": "generator-jhipster-mergeBP",
    "version": "0.0.0",
    "description": "Sample blueprint to merge my app with a jHipster one",
    "keywords": [
      "yeoman-generator",
      "jhipster-blueprint",
      "jhipster-5"
    ],
    "homepage": "https://github.com/avdev4j/generator-jhipster-mergeBP",
    "author": {
      "name": "Anthony Viard",
      "email": "anth.viard@gmail.com",
      "url": "https://twitter.com/avdev4j"
    },
    "files": [
      "generators"
    ],
    "main": "generators/app/index.js",
    "repository": {
      "type": "git",
      "url": "git+https://github.com/avdev4j/generator-jhipster-mergeBP.git"
    },
    "dependencies": {
      "chalk": "2.4.1",
      "ejs": "2.6.1",
      "glob": "7.1.2",
      "gulp-filter": "5.1.0",
      "insight": "0.10.1",
      "jhipster-core": "3.0.2",
      "js-yaml": "3.12.0",
      "lodash": "4.17.10",
      "meow": "5.0.0",
      "mkdirp": "0.5.1",
      "pluralize": "7.0.0",
      "prettier": "1.13.5",
      "randexp": "0.4.9",
      "semver": "5.5.0",
      "shelljs": "0.8.2",
      "through2": "2.0.3",
      "generator-jhipster": ">=5.0.0",
      "yeoman-environment": "2.3.0",
      "yeoman-generator": "2.0.5"
    },
    "devDependencies": {
      "chai": "4.1.2",
      "ejs-lint": "0.3.0",
      "eslint": "5.0.0",
      "eslint-config-airbnb-base": "13.0.0",
      "eslint-plugin-import": "2.12.0",
      "fs-extra": "6.0.1",
      "jsdoc": "3.5.5",
      "mocha": "5.2.0",
      "sinon": "6.0.0",
      "yeoman-assert": "3.1.1",
      "yeoman-test": "1.7.2"
    },
    "scripts": {
      "lint": "eslint .",
      "lint-fix": "npm run lint -- --fix",
      "pretest": "npm run lint",
      "test": "npm run test:unit -- test/*.spec.js",
      "test:unit": "mocha --timeout 20000 --slow 0 --reporter spec",
      "jsdoc": "jsdoc --configure jsdoc-conf.json",
      "release": "git push && git push --tags && npm publish",
      "release:patch": "npm version patch -a -m \"Update to %s\" && npm run release",
      "release:minor": "npm version minor -a -m \"Update to %s\" && npm run release",
      "release:major": "npm version major -a -m \"Update to %s\" && npm run release"
    },
    "license": "MIT",
    "bugs": {
      "url": "https://github.com/avdev4j/generator-jhipster-mergeBP/issues"
    }
  }

yarn manifest: 
  No manifest

Lockfile: 
  No lockfile

Trace: 
  Error: No registered module found called "generator-jhipster".
      at new MessageError (C:\logiciels\yarn\lib\cli.js:186:110)
      at Object.<anonymous> (C:\logiciels\yarn\lib\cli.js:59875:17)
      at Generator.next (<anonymous>)
      at step (C:\logiciels\yarn\lib\cli.js:98:30)
      at C:\logiciels\yarn\lib\cli.js:109:13
      at <anonymous>
